Post Processor Report
OrCAD FILE: D:\UTENTI\00.LAVORI IN CORSO\METALTRONICA\22-313-0\22-313-0.MAX
Sun Aug 06 14:12:00 2023

*********************************************************

Output file: D:\UTENTI\00.LAVORI IN CORSO\METALTRONICA\22-313-0\22-313-0.TOP

Aperture totals for D:\UTENTI\00.LAVORI IN CORSO\METALTRONICA\22-313-0\22-313-0.TOP:
---------------------------------------------------------
D10:  0.0394 ROUND  --       0 Draws,       3 Flashes
D11:  0.0380 x 0.0320 RECTANGLE -----      88 Flashes
D12:  0.0886 x 0.0905 RECTANGLE -----       4 Flashes
D13:  0.1024 x 0.0510 RECTANGLE -----       2 Flashes
D14:  0.0197 x 0.0315 RECTANGLE -----       2 Flashes
D15:  0.0501 x 0.0404 RECTANGLE -----      22 Flashes
D16:  0.0527 x 0.0630 RECTANGLE -----       2 Flashes
D17:  0.1913 x 0.1496 RECTANGLE -----       1 Flashes
D18:  0.2756 ROUND  --       0 Draws,       4 Flashes
D19:  0.0787 ROUND  --       0 Draws,      28 Flashes
D20:  0.0512 ROUND  --       0 Draws,       6 Flashes
D21:  0.0787 SQUARE --       0 Draws,       4 Flashes
D22:  0.0787 x 0.1181 OBLONG    -----       4 Flashes
D23:  0.0669 ROUND  --       0 Draws,       9 Flashes
D24:  0.0669 SQUARE --       0 Draws,       4 Flashes
D25:  0.0590 ROUND  --       0 Draws,       3 Flashes
D26:  0.0590 SQUARE --       0 Draws,       1 Flashes
D27:  0.1200 ROUND  --       0 Draws,       2 Flashes
D28:  0.1200 SQUARE --       0 Draws,       2 Flashes
D29:  0.0866 ROUND  --       0 Draws,       2 Flashes
D30:  0.1000 ROUND  --       0 Draws,       1 Flashes
D31:  0.1000 SQUARE --       0 Draws,       1 Flashes
D32:  0.0610 ROUND  --       0 Draws,       9 Flashes
D33:  0.0610 SQUARE --       0 Draws,       1 Flashes
D34:  0.1181 ROUND  --       0 Draws,       2 Flashes
D35:  0.0984 ROUND  --       0 Draws,       3 Flashes
D36:  0.0984 SQUARE --       0 Draws,       1 Flashes
D37:  0.0630 SQUARE --       0 Draws,       1 Flashes
D38:  0.0630 ROUND  --       0 Draws,       7 Flashes
D39:  0.1299 ROUND  --       0 Draws,       2 Flashes
D40:  0.0187 ROUND  --       0 Draws,       2 Flashes
D41:  0.0500 x 0.0400 RECTANGLE -----      27 Flashes
D42:  0.0354 x 0.0315 RECTANGLE -----      12 Flashes
D43:  0.0710 x 0.0400 RECTANGLE -----      12 Flashes
D44:  0.1080 x 0.0850 RECTANGLE -----       4 Flashes
D45:  0.0177 x 0.0394 RECTANGLE -----       8 Flashes
D46:  0.0800 ROUND  --       0 Draws,       2 Flashes
D47:  0.0236 x 0.0512 RECTANGLE -----       4 Flashes
D48:  0.0276 ROUND  --       0 Draws,     133 Flashes
D49:  0.0050 ROUND  --     126 Draws,       0 Flashes
D50:  0.0100 ROUND  --    4614 Draws,       0 Flashes
D51:  0.0080 ROUND  --     390 Draws,       0 Flashes
D52:  0.0276 ROUND  --       0 Draws,      60 Flashes
D53:  0.0300 ROUND  --      49 Draws,       0 Flashes
D54:  0.0120 ROUND  --      26 Draws,       0 Flashes
D55:  0.0200 ROUND  --      17 Draws,       0 Flashes
D56:  0.0500 ROUND  --      21 Draws,       0 Flashes
D57:  0.0250 ROUND  --      63 Draws,       0 Flashes
D58:  0.1000 ROUND  --      15 Draws,       0 Flashes
D59:  0.0150 ROUND  --       3 Draws,       0 Flashes
D60:  0.0276 ROUND  --       0 Draws,       2 Flashes
---------------------------------------------------------
 51 D-Codes      -----    5324 Draws,     487 Flashes

*********************************************************

Output file: D:\UTENTI\00.LAVORI IN CORSO\METALTRONICA\22-313-0\22-313-0.BOT

Aperture totals for D:\UTENTI\00.LAVORI IN CORSO\METALTRONICA\22-313-0\22-313-0.BOT:
---------------------------------------------------------
D18:  0.2756 ROUND  --       0 Draws,       4 Flashes
D19:  0.0787 ROUND  --       0 Draws,      28 Flashes
D20:  0.0512 ROUND  --       0 Draws,       6 Flashes
D21:  0.0787 SQUARE --       0 Draws,       4 Flashes
D22:  0.0787 x 0.1181 OBLONG    -----       4 Flashes
D23:  0.0669 ROUND  --       0 Draws,       9 Flashes
D24:  0.0669 SQUARE --       0 Draws,       4 Flashes
D25:  0.0590 ROUND  --       0 Draws,       3 Flashes
D26:  0.0590 SQUARE --       0 Draws,       1 Flashes
D27:  0.1200 ROUND  --       0 Draws,       2 Flashes
D28:  0.1200 SQUARE --       0 Draws,       2 Flashes
D29:  0.0866 ROUND  --       0 Draws,       2 Flashes
D30:  0.1000 ROUND  --       0 Draws,       1 Flashes
D31:  0.1000 SQUARE --       0 Draws,       1 Flashes
D32:  0.0610 ROUND  --       0 Draws,       9 Flashes
D33:  0.0610 SQUARE --       0 Draws,       1 Flashes
D34:  0.1181 ROUND  --       0 Draws,       2 Flashes
D35:  0.0984 ROUND  --       0 Draws,       3 Flashes
D36:  0.0984 SQUARE --       0 Draws,       1 Flashes
D37:  0.0630 SQUARE --       0 Draws,       1 Flashes
D38:  0.0630 ROUND  --       0 Draws,       7 Flashes
D39:  0.1299 ROUND  --       0 Draws,       2 Flashes
D46:  0.0800 ROUND  --       0 Draws,       2 Flashes
D48:  0.0276 ROUND  --       0 Draws,     133 Flashes
D50:  0.0100 ROUND  --    3837 Draws,       0 Flashes
D51:  0.0080 ROUND  --      86 Draws,       0 Flashes
D52:  0.0276 ROUND  --       0 Draws,      58 Flashes
D54:  0.0120 ROUND  --       5 Draws,       0 Flashes
D56:  0.0500 ROUND  --       9 Draws,       0 Flashes
D57:  0.0250 ROUND  --      11 Draws,       0 Flashes
D59:  0.0150 ROUND  --       2 Draws,       0 Flashes
D60:  0.0276 ROUND  --       0 Draws,       2 Flashes
D61:  0.0276 ROUND  --       0 Draws,       2 Flashes
---------------------------------------------------------
 33 D-Codes      -----    3950 Draws,     294 Flashes

*********************************************************

Output file: D:\UTENTI\00.LAVORI IN CORSO\METALTRONICA\22-313-0\22-313-0.SMT

Aperture totals for D:\UTENTI\00.LAVORI IN CORSO\METALTRONICA\22-313-0\22-313-0.SMT:
---------------------------------------------------------
D11:  0.0380 x 0.0320 RECTANGLE -----      88 Flashes
D12:  0.0886 x 0.0905 RECTANGLE -----       4 Flashes
D13:  0.1024 x 0.0510 RECTANGLE -----       2 Flashes
D14:  0.0197 x 0.0315 RECTANGLE -----       2 Flashes
D15:  0.0501 x 0.0404 RECTANGLE -----      22 Flashes
D16:  0.0527 x 0.0630 RECTANGLE -----       2 Flashes
D17:  0.1913 x 0.1496 RECTANGLE -----       1 Flashes
D18:  0.2756 ROUND  --       0 Draws,       4 Flashes
D19:  0.0787 ROUND  --       0 Draws,      28 Flashes
D21:  0.0787 SQUARE --       0 Draws,       4 Flashes
D22:  0.0787 x 0.1181 OBLONG    -----       4 Flashes
D23:  0.0669 ROUND  --       0 Draws,       9 Flashes
D24:  0.0669 SQUARE --       0 Draws,       4 Flashes
D25:  0.0590 ROUND  --       0 Draws,       6 Flashes
D26:  0.0590 SQUARE --       0 Draws,       1 Flashes
D27:  0.1200 ROUND  --       0 Draws,       2 Flashes
D28:  0.1200 SQUARE --       0 Draws,       2 Flashes
D29:  0.0866 ROUND  --       0 Draws,       2 Flashes
D30:  0.1000 ROUND  --       0 Draws,       1 Flashes
D31:  0.1000 SQUARE --       0 Draws,       1 Flashes
D32:  0.0610 ROUND  --       0 Draws,       9 Flashes
D33:  0.0610 SQUARE --       0 Draws,       1 Flashes
D35:  0.0984 ROUND  --       0 Draws,       3 Flashes
D36:  0.0984 SQUARE --       0 Draws,       1 Flashes
D37:  0.0630 SQUARE --       0 Draws,       1 Flashes
D38:  0.0630 ROUND  --       0 Draws,       7 Flashes
D41:  0.0500 x 0.0400 RECTANGLE -----      27 Flashes
D42:  0.0354 x 0.0315 RECTANGLE -----      12 Flashes
D43:  0.0710 x 0.0400 RECTANGLE -----      12 Flashes
D44:  0.1080 x 0.0850 RECTANGLE -----       4 Flashes
D45:  0.0177 x 0.0394 RECTANGLE -----       8 Flashes
D46:  0.0800 ROUND  --       0 Draws,       2 Flashes
D47:  0.0236 x 0.0512 RECTANGLE -----       4 Flashes
D49:  0.0050 ROUND  --     160 Draws,       0 Flashes
---------------------------------------------------------
 34 D-Codes      -----     160 Draws,     280 Flashes

*********************************************************

Output file: D:\UTENTI\00.LAVORI IN CORSO\METALTRONICA\22-313-0\22-313-0.SMB

Aperture totals for D:\UTENTI\00.LAVORI IN CORSO\METALTRONICA\22-313-0\22-313-0.SMB:
---------------------------------------------------------
D18:  0.2756 ROUND  --       0 Draws,       4 Flashes
D19:  0.0787 ROUND  --       0 Draws,      28 Flashes
D21:  0.0787 SQUARE --       0 Draws,       4 Flashes
D22:  0.0787 x 0.1181 OBLONG    -----       4 Flashes
D23:  0.0669 ROUND  --       0 Draws,       9 Flashes
D24:  0.0669 SQUARE --       0 Draws,       4 Flashes
D25:  0.0590 ROUND  --       0 Draws,       3 Flashes
D26:  0.0590 SQUARE --       0 Draws,       1 Flashes
D27:  0.1200 ROUND  --       0 Draws,       2 Flashes
D28:  0.1200 SQUARE --       0 Draws,       2 Flashes
D29:  0.0866 ROUND  --       0 Draws,       2 Flashes
D30:  0.1000 ROUND  --       0 Draws,       1 Flashes
D31:  0.1000 SQUARE --       0 Draws,       1 Flashes
D32:  0.0610 ROUND  --       0 Draws,       9 Flashes
D33:  0.0610 SQUARE --       0 Draws,       1 Flashes
D35:  0.0984 ROUND  --       0 Draws,       3 Flashes
D36:  0.0984 SQUARE --       0 Draws,       1 Flashes
D37:  0.0630 SQUARE --       0 Draws,       1 Flashes
D38:  0.0630 ROUND  --       0 Draws,       7 Flashes
D46:  0.0800 ROUND  --       0 Draws,       2 Flashes
D50:  0.0100 ROUND  --     357 Draws,       0 Flashes
---------------------------------------------------------
 21 D-Codes      -----     357 Draws,      89 Flashes

*********************************************************

Output file: D:\UTENTI\00.LAVORI IN CORSO\METALTRONICA\22-313-0\22-313-0.SPT

Aperture totals for D:\UTENTI\00.LAVORI IN CORSO\METALTRONICA\22-313-0\22-313-0.SPT:
---------------------------------------------------------
D11:  0.0380 x 0.0320 RECTANGLE -----      88 Flashes
D12:  0.0886 x 0.0905 RECTANGLE -----       4 Flashes
D13:  0.1024 x 0.0510 RECTANGLE -----       2 Flashes
D14:  0.0197 x 0.0315 RECTANGLE -----       2 Flashes
D15:  0.0501 x 0.0404 RECTANGLE -----      22 Flashes
D41:  0.0500 x 0.0400 RECTANGLE -----      27 Flashes
D42:  0.0354 x 0.0315 RECTANGLE -----      12 Flashes
D43:  0.0710 x 0.0400 RECTANGLE -----      12 Flashes
D44:  0.1080 x 0.0850 RECTANGLE -----       4 Flashes
D45:  0.0177 x 0.0394 RECTANGLE -----       8 Flashes
D47:  0.0236 x 0.0512 RECTANGLE -----       4 Flashes
D49:  0.0050 ROUND  --     160 Draws,       0 Flashes
D62:  0.0354 SQUARE --       0 Draws,       2 Flashes
D63:  0.0060 ROUND  --     148 Draws,       0 Flashes
---------------------------------------------------------
 14 D-Codes      -----     308 Draws,     187 Flashes

*********************************************************

Output file: D:\UTENTI\00.LAVORI IN CORSO\METALTRONICA\22-313-0\22-313-0.SST

Aperture totals for D:\UTENTI\00.LAVORI IN CORSO\METALTRONICA\22-313-0\22-313-0.SST:
---------------------------------------------------------
D49:  0.0050 ROUND  --       4 Draws,       0 Flashes
D50:  0.0100 ROUND  --     104 Draws,       0 Flashes
D51:  0.0080 ROUND  --      96 Draws,       0 Flashes
D63:  0.0060 ROUND  --    3977 Draws,       0 Flashes
D64:  0.0059 ROUND  --     158 Draws,       0 Flashes
D65:  0.0079 ROUND  --     151 Draws,       0 Flashes
D66:  0.0078 ROUND  --      13 Draws,       0 Flashes
---------------------------------------------------------
  7 D-Codes      -----    4503 Draws,       0 Flashes

*********************************************************

Output file: D:\UTENTI\00.LAVORI IN CORSO\METALTRONICA\22-313-0\22-313-0.AST

Aperture totals for D:\UTENTI\00.LAVORI IN CORSO\METALTRONICA\22-313-0\22-313-0.AST:
---------------------------------------------------------
D14:  0.0197 x 0.0315 RECTANGLE -----       2 Flashes
D45:  0.0177 x 0.0394 RECTANGLE -----       8 Flashes
D50:  0.0100 ROUND  --      41 Draws,       0 Flashes
D56:  0.0500 ROUND  --       4 Draws,       0 Flashes
D63:  0.0060 ROUND  --    3725 Draws,       0 Flashes
D64:  0.0059 ROUND  --     158 Draws,       0 Flashes
D65:  0.0079 ROUND  --     161 Draws,       0 Flashes
D66:  0.0078 ROUND  --      13 Draws,       0 Flashes
---------------------------------------------------------
  8 D-Codes      -----    4102 Draws,      10 Flashes

*********************************************************

Output file: D:\UTENTI\00.LAVORI IN CORSO\METALTRONICA\22-313-0\22-313-0.DRD

Aperture totals for D:\UTENTI\00.LAVORI IN CORSO\METALTRONICA\22-313-0\22-313-0.DRD:
---------------------------------------------------------
D50:  0.0100 ROUND  --    3088 Draws,       0 Flashes
D56:  0.0500 ROUND  --       4 Draws,       0 Flashes
---------------------------------------------------------
  2 D-Codes      -----    3092 Draws,       0 Flashes


*********************************************************

Aperture totals for entire project:
---------------------------------------------------------
D10:  0.0394 ROUND  --       0 Draws,       3 Flashes
D11:  0.0380 x 0.0320 RECTANGLE -----     264 Flashes
D12:  0.0886 x 0.0905 RECTANGLE -----      12 Flashes
D13:  0.1024 x 0.0510 RECTANGLE -----       6 Flashes
D14:  0.0197 x 0.0315 RECTANGLE -----       8 Flashes
D15:  0.0501 x 0.0404 RECTANGLE -----      66 Flashes
D16:  0.0527 x 0.0630 RECTANGLE -----       4 Flashes
D17:  0.1913 x 0.1496 RECTANGLE -----       2 Flashes
D18:  0.2756 ROUND  --       0 Draws,      16 Flashes
D19:  0.0787 ROUND  --       0 Draws,     112 Flashes
D20:  0.0512 ROUND  --       0 Draws,      12 Flashes
D21:  0.0787 SQUARE --       0 Draws,      16 Flashes
D22:  0.0787 x 0.1181 OBLONG    -----      16 Flashes
D23:  0.0669 ROUND  --       0 Draws,      36 Flashes
D24:  0.0669 SQUARE --       0 Draws,      16 Flashes
D25:  0.0590 ROUND  --       0 Draws,      15 Flashes
D26:  0.0590 SQUARE --       0 Draws,       4 Flashes
D27:  0.1200 ROUND  --       0 Draws,       8 Flashes
D28:  0.1200 SQUARE --       0 Draws,       8 Flashes
D29:  0.0866 ROUND  --       0 Draws,       8 Flashes
D30:  0.1000 ROUND  --       0 Draws,       4 Flashes
D31:  0.1000 SQUARE --       0 Draws,       4 Flashes
D32:  0.0610 ROUND  --       0 Draws,      36 Flashes
D33:  0.0610 SQUARE --       0 Draws,       4 Flashes
D34:  0.1181 ROUND  --       0 Draws,       4 Flashes
D35:  0.0984 ROUND  --       0 Draws,      12 Flashes
D36:  0.0984 SQUARE --       0 Draws,       4 Flashes
D37:  0.0630 SQUARE --       0 Draws,       4 Flashes
D38:  0.0630 ROUND  --       0 Draws,      28 Flashes
D39:  0.1299 ROUND  --       0 Draws,       4 Flashes
D40:  0.0187 ROUND  --       0 Draws,       2 Flashes
D41:  0.0500 x 0.0400 RECTANGLE -----      81 Flashes
D42:  0.0354 x 0.0315 RECTANGLE -----      36 Flashes
D43:  0.0710 x 0.0400 RECTANGLE -----      36 Flashes
D44:  0.1080 x 0.0850 RECTANGLE -----      12 Flashes
D45:  0.0177 x 0.0394 RECTANGLE -----      32 Flashes
D46:  0.0800 ROUND  --       0 Draws,       8 Flashes
D47:  0.0236 x 0.0512 RECTANGLE -----      12 Flashes
D48:  0.0276 ROUND  --       0 Draws,     266 Flashes
D49:  0.0050 ROUND  --     450 Draws,       0 Flashes
D50:  0.0100 ROUND  --   12041 Draws,       0 Flashes
D51:  0.0080 ROUND  --     572 Draws,       0 Flashes
D52:  0.0276 ROUND  --       0 Draws,     118 Flashes
D53:  0.0300 ROUND  --      49 Draws,       0 Flashes
D54:  0.0120 ROUND  --      31 Draws,       0 Flashes
D55:  0.0200 ROUND  --      17 Draws,       0 Flashes
D56:  0.0500 ROUND  --      38 Draws,       0 Flashes
D57:  0.0250 ROUND  --      74 Draws,       0 Flashes
D58:  0.1000 ROUND  --      15 Draws,       0 Flashes
D59:  0.0150 ROUND  --       5 Draws,       0 Flashes
D60:  0.0276 ROUND  --       0 Draws,       4 Flashes
D61:  0.0276 ROUND  --       0 Draws,       2 Flashes
D62:  0.0354 SQUARE --       0 Draws,       2 Flashes
D63:  0.0060 ROUND  --    7850 Draws,       0 Flashes
D64:  0.0059 ROUND  --     316 Draws,       0 Flashes
D65:  0.0079 ROUND  --     312 Draws,       0 Flashes
D66:  0.0078 ROUND  --      26 Draws,       0 Flashes
---------------------------------------------------------
 57 D-Codes      -----   21796 Draws,    1347 Flashes


No warnings or errors.
